<?xml version="1.0" encoding="UTF-8"?>
<!-- Generated by org.testng.reporters.JUnitReportReporter -->
<testsuite hostname="DESKTOP-IR9CIJ1" failures="0" tests="1" name="cmpnyTask_Pkg.Staffs_addStaffsR" time="121.947" errors="0" timestamp="2024-06-18T16:19:37 IST" skipped="0">
  <testcase classname="cmpnyTask_Pkg.Staffs_addStaffsR" name="AddStaff_test" time="121.947"/>
  <system-out/>
</testsuite> <!-- cmpnyTask_Pkg.Staffs_addStaffsR -->
