<?xml version="1.0" encoding="UTF-8"?>
<!-- Generated by org.testng.reporters.JUnitReportReporter -->
<testsuite hostname="DESKTOP-IR9CIJ1" failures="0" tests="1" name="cmpnyTask_Pkg.Rental_Application" time="114.319" errors="0" timestamp="2024-06-07T15:17:55 IST" skipped="0">
  <testcase classname="cmpnyTask_Pkg.Rental_Application" name="Btnmenu_test" time="114.319"/>
  <system-out/>
</testsuite> <!-- cmpnyTask_Pkg.Rental_Application -->
