<?xml version="1.0" encoding="UTF-8"?>
<!-- Generated by org.testng.reporters.JUnitReportReporter -->
<testsuite hostname="DESKTOP-IR9CIJ1" failures="0" tests="1" name="cmpnyTask_Pkg.UL_AddUser" time="70.433" errors="0" timestamp="2024-05-02T17:22:36 IST" skipped="0">
  <testcase classname="cmpnyTask_Pkg.UL_AddUser" name="AddUserBtn_save_test" time="70.433"/>
  <system-out/>
</testsuite> <!-- cmpnyTask_Pkg.UL_AddUser -->
