<?xml version="1.0" encoding="UTF-8"?>
<!-- Generated by org.testng.reporters.JUnitReportReporter -->
<testsuite hostname="DESKTOP-IR9CIJ1" failures="0" tests="1" name="cmpnyTask_Pkg.Staffs_AddStaff" time="62.815" errors="0" timestamp="2024-05-03T04:35:08 IST" skipped="0">
  <testcase classname="cmpnyTask_Pkg.Staffs_AddStaff" name="AddStaff_savebtn_test" time="62.815"/>
  <system-out/>
</testsuite> <!-- cmpnyTask_Pkg.Staffs_AddStaff -->
