<?xml version="1.0" encoding="UTF-8"?>
<!-- Generated by org.testng.reporters.JUnitReportReporter -->
<testsuite hostname="DESKTOP-IR9CIJ1" failures="0" tests="1" name="cmpnyTask_Pkg.Properties_AddProperties" time="112.837" errors="0" timestamp="2024-06-04T20:55:22 IST" skipped="0">
  <testcase classname="cmpnyTask_Pkg.Properties_AddProperties" name="AddProperties_SaveBtn" time="112.837"/>
  <system-out/>
</testsuite> <!-- cmpnyTask_Pkg.Properties_AddProperties -->
