<?xml version="1.0" encoding="UTF-8"?>
<!-- Generated by org.testng.reporters.JUnitReportReporter -->
<testsuite hostname="DESKTOP-IR9CIJ1" failures="0" tests="1" name="cmpnyTask_Pkg.Rental_appln_owner" time="62.622" errors="0" timestamp="2024-06-10T11:48:21 IST" skipped="0">
  <testcase classname="cmpnyTask_Pkg.Rental_appln_owner" name="Rental_Appln_test" time="62.622"/>
  <system-out/>
</testsuite> <!-- cmpnyTask_Pkg.Rental_appln_owner -->
