<?xml version="1.0" encoding="UTF-8"?>
<!-- Generated by org.testng.reporters.JUnitReportReporter -->
<testsuite hostname="DESKTOP-IR9CIJ1" failures="0" tests="1" name="cmpnyTask_Pkg.Application_login" time="9.870" errors="0" timestamp="2024-05-08T19:56:35 IST" skipped="0">
  <testcase classname="cmpnyTask_Pkg.Application_login" name="OwnerLogin" time="9.870"/>
  <system-out/>
</testsuite> <!-- cmpnyTask_Pkg.Application_login -->
