<?xml version="1.0" encoding="UTF-8"?>
<!-- Generated by org.testng.reporters.JUnitReportReporter -->
<testsuite hostname="DESKTOP-IR9CIJ1" failures="0" tests="1" name="cmpnyTask_Pkg.Logout_ts" time="38.544" errors="0" timestamp="2024-06-10T22:25:09 IST" skipped="0">
  <testcase classname="cmpnyTask_Pkg.Logout_ts" name="detectAutoLogoutTimeSpan" time="38.544"/>
  <system-out/>
</testsuite> <!-- cmpnyTask_Pkg.Logout_ts -->
