<?xml version="1.0" encoding="UTF-8"?>
<!-- Generated by org.testng.reporters.JUnitReportReporter -->
<testsuite hostname="DESKTOP-IR9CIJ1" failures="0" tests="1" name="cmpnyTask_Pkg.ModifyAppln_MergeAppln" time="280.902" errors="0" timestamp="2024-06-12T16:19:23 IST" skipped="0">
  <testcase classname="cmpnyTask_Pkg.ModifyAppln_MergeAppln" name="MergeAppln_btn_test" time="280.902"/>
  <system-out/>
</testsuite> <!-- cmpnyTask_Pkg.ModifyAppln_MergeAppln -->
