<?xml version="1.0" encoding="UTF-8"?>
<!-- Generated by org.testng.reporters.JUnitReportReporter -->
<testsuite hostname="DESKTOP-IR9CIJ1" failures="0" tests="1" name="cmpnyTask_Pkg.Rating" time="87.865" errors="0" timestamp="2024-06-11T17:27:08 IST" skipped="0">
  <testcase classname="cmpnyTask_Pkg.Rating" name="Rating_list" time="87.865"/>
  <system-out/>
</testsuite> <!-- cmpnyTask_Pkg.Rating -->
