<?xml version="1.0" encoding="UTF-8"?>
<!-- Generated by org.testng.reporters.JUnitReportReporter -->
<testsuite hostname="DESKTOP-IR9CIJ1" failures="0" tests="1" name="cmpnyTask_Pkg.RequestRating" time="61.153" errors="0" timestamp="2024-06-11T16:55:07 IST" skipped="0">
  <testcase classname="cmpnyTask_Pkg.RequestRating" name="AllAppln_Page_test" time="61.153"/>
  <system-out/>
</testsuite> <!-- cmpnyTask_Pkg.RequestRating -->
