<?xml version="1.0" encoding="UTF-8"?>
<!-- Generated by org.testng.reporters.JUnitReportReporter -->
<testsuite hostname="DESKTOP-IR9CIJ1" failures="0" tests="1" name="cmpnyTask_Pkg.Logout_admin" time="40.868" errors="0" timestamp="2024-06-11T19:11:24 IST" skipped="0">
  <testcase classname="cmpnyTask_Pkg.Logout_admin" name="admin_login_logout_test" time="40.868"/>
  <system-out/>
</testsuite> <!-- cmpnyTask_Pkg.Logout_admin -->
