<?xml version="1.0" encoding="UTF-8"?>
<!-- Generated by org.testng.reporters.JUnitReportReporter -->
<testsuite hostname="DESKTOP-IR9CIJ1" failures="0" tests="1" name="cmpnyTask_Pkg.Owner_Login" time="68.857" errors="0" timestamp="2024-06-01T01:54:52 IST" skipped="0">
  <testcase classname="cmpnyTask_Pkg.Owner_Login" name="OwnerLogin" time="68.857"/>
  <system-out/>
</testsuite> <!-- cmpnyTask_Pkg.Owner_Login -->
