<?xml version="1.0" encoding="UTF-8"?>
<!-- Generated by org.testng.reporters.JUnitReportReporter -->
<testsuite hostname="DESKTOP-IR9CIJ1" failures="0" tests="1" name="cmpnyTask_Pkg.Staff_EditStaff" time="77.066" errors="0" timestamp="2024-05-03T13:53:09 IST" skipped="0">
  <testcase classname="cmpnyTask_Pkg.Staff_EditStaff" name="EditStff_btn" time="77.066"/>
  <system-out/>
</testsuite> <!-- cmpnyTask_Pkg.Staff_EditStaff -->
