<?xml version="1.0" encoding="UTF-8"?>
<!-- Generated by org.testng.reporters.JUnitReportReporter -->
<testsuite hostname="DESKTOP-IR9CIJ1" failures="0" tests="5" name="cmpnyTask_Pkg.LoginTask" time="331.007" errors="0" timestamp="2024-06-03T10:34:26 IST" skipped="0">
  <testcase classname="cmpnyTask_Pkg.LoginTask" name="btn_clicktest" time="56.347"/>
  <system-out/>
  <testcase classname="cmpnyTask_Pkg.LoginTask" name="pswd_emptytest" time="92.250"/>
  <system-out/>
  <testcase classname="cmpnyTask_Pkg.LoginTask" name="admin_poslogin" time="38.544"/>
  <system-out/>
  <testcase classname="cmpnyTask_Pkg.LoginTask" name="usn_emptytest" time="111.447"/>
  <system-out/>
  <testcase classname="cmpnyTask_Pkg.LoginTask" name="admin_neglogin" time="32.419"/>
  <system-out/>
</testsuite> <!-- cmpnyTask_Pkg.LoginTask -->
