<?xml version="1.0" encoding="UTF-8"?>
<!-- Generated by org.testng.reporters.JUnitReportReporter -->
<testsuite hostname="DESKTOP-IR9CIJ1" failures="0" tests="1" name="cmpnyTask_Pkg.ModifyAppln_updateaddrs" time="117.916" errors="0" timestamp="2024-06-10T02:56:12 IST" skipped="0">
  <testcase classname="cmpnyTask_Pkg.ModifyAppln_updateaddrs" name="PropertiesPage_test" time="117.916"/>
  <system-out/>
</testsuite> <!-- cmpnyTask_Pkg.ModifyAppln_updateaddrs -->
