<?xml version="1.0" encoding="UTF-8"?>
<!-- Generated by org.testng.reporters.JUnitReportReporter -->
<testsuite hostname="DESKTOP-IR9CIJ1" failures="0" tests="1" name="cmpnyTask_Pkg.Profile_changepswdR" time="37.063" errors="0" timestamp="2024-06-18T19:59:10 IST" skipped="0">
  <testcase classname="cmpnyTask_Pkg.Profile_changepswdR" name="change_pswd_test" time="37.063"/>
  <system-out/>
</testsuite> <!-- cmpnyTask_Pkg.Profile_changepswdR -->
