<?xml version="1.0" encoding="UTF-8"?>
<!-- Generated by org.testng.reporters.JUnitReportReporter -->
<testsuite hostname="DESKTOP-IR9CIJ1" failures="0" tests="1" name="cmpnyTask_Pkg.UL_EditUser" time="72.423" errors="0" timestamp="2024-05-03T14:05:36 IST" skipped="0">
  <testcase classname="cmpnyTask_Pkg.UL_EditUser" name="EditUser_btn" time="72.423"/>
  <system-out/>
</testsuite> <!-- cmpnyTask_Pkg.UL_EditUser -->
